<?xml version="1.0" encoding="UTF-8"?>
<!-- Generated by org.testng.reporters.JUnitXMLReporter -->
<testsuite ignored="1" hostname="user1" failures="0" tests="1" name="Default test(failed)(failed)" time="8.071" errors="0" timestamp="2025-04-02T14:53:42 IST">
  <testcase classname="testScripts.MultipleMethods" name="storiesSearch" time="0.121"/>
  <testcase classname="testScripts.MultipleMethods" name="crimeNovelSearch" time="0.0">
    <ignored/>
  </testcase> <!-- crimeNovelSearch -->
</testsuite> <!-- Default test(failed)(failed) -->
