<?xml version="1.0" encoding="UTF-8"?>
<!-- Generated by org.testng.reporters.JUnitXMLReporter -->
<testsuite ignored="3" hostname="user1" failures="0" tests="6" name="sampleTest" time="0.168" errors="0" timestamp="2025-04-02T16:38:16 IST">
  <testcase classname="testScripts2.testSampleOne" name="testThree" time="0.015"/>
  <testcase classname="testScripts2.testSampleOne" name="testTwo" time="0.005"/>
  <testcase classname="testScripts2.testSampleTwo" name="testThree" time="0.006"/>
  <testcase classname="testScripts2.testSampleTwo" name="testTwo" time="0.006"/>
  <testcase classname="testScripts2.testSampleThree" name="testThree" time="0.005"/>
  <testcase classname="testScripts2.testSampleThree" name="testTwo" time="0.009"/>
  <testcase classname="testScripts2.testSampleThree" name="testOne" time="0.0">
    <ignored/>
  </testcase> <!-- testOne -->
  <testcase classname="testScripts2.testSampleOne" name="testOne" time="0.0">
    <ignored/>
  </testcase> <!-- testOne -->
  <testcase classname="testScripts2.testSampleTwo" name="testOne" time="0.0">
    <ignored/>
  </testcase> <!-- testOne -->
</testsuite> <!-- sampleTest -->
